[debug] [2019-05-17T21:33:11.761Z] ----------------------------------------------------------------------
[debug] [2019-05-17T21:33:11.763Z] Command:       /usr/local/bin/node /usr/local/bin/firebase init
[debug] [2019-05-17T21:33:11.763Z] CLI Version:   6.7.2
[debug] [2019-05-17T21:33:11.763Z] Platform:      darwin
[debug] [2019-05-17T21:33:11.763Z] Node Version:  v10.13.0
[debug] [2019-05-17T21:33:11.764Z] Time:          Fri May 17 2019 14:33:11 GMT-0700 (Pacific Daylight Time)
[debug] [2019-05-17T21:33:11.764Z] ----------------------------------------------------------------------
[debug] 
[debug] [2019-05-17T21:33:11.774Z] > command requires scopes: ["email","openid","https://www.googleapis.com/auth/cloudplatformprojects.readonly","https://www.googleapis.com/auth/firebase","https://www.googleapis.com/auth/cloud-platform"]
[debug] [2019-05-17T21:33:11.774Z] > authorizing via signed-in user
[info] 
     ######## #### ########  ######## ########     ###     ######  ########
     ##        ##  ##     ## ##       ##     ##  ##   ##  ##       ##
     ######    ##  ########  ######   ########  #########  ######  ######
     ##        ##  ##    ##  ##       ##     ## ##     ##       ## ##
     ##       #### ##     ## ######## ########  ##     ##  ######  ########

You're about to initialize a Firebase project in this directory:

  /Users/danielmoneypenny/Documents/projects/btm-pr

Before we get started, keep in mind:

  * You are initializing in an existing Firebase project directory

[info] 
=== Project Setup
[info] 
[info] First, let's associate this project directory with a Firebase project.
[info] You can create multiple project aliases by running firebase use --add, 
[info] but for now we'll just set up a default project.
[info] 
[info] i  .firebaserc already has a default project, skipping
[info] 
=== Database Setup
[info] 
[info] Firebase Realtime Database Rules allow you to define how your data should be
[info] structured and when your data can be read from and written to.
[info] 
[info] ✔  Database Rules for  have been downloaded to database.rules.json.
[info] Future modifications to database.rules.json will update Database Rules when you run
[info] firebase deploy.
[info] 
=== Functions Setup
[info] 
[info] A functions directory will be created in your project with a Node.js
[info] package pre-configured. Functions can be deployed with firebase deploy.
[info] 
[debug] [2019-05-17T21:33:50.385Z] > command requires scopes: ["email","openid","https://www.googleapis.com/auth/cloudplatformprojects.readonly","https://www.googleapis.com/auth/firebase","https://www.googleapis.com/auth/cloud-platform"]
[debug] [2019-05-17T21:33:50.385Z] > authorizing via signed-in user
[debug] [2019-05-17T21:33:50.387Z] >>> HTTP REQUEST GET https://firebase.googleapis.com/v1beta1/projects/btm-pr  
 
[debug] [2019-05-17T21:33:50.687Z] <<< HTTP RESPONSE 200
[debug] [2019-05-17T21:33:50.690Z] >>> HTTP REQUEST PATCH https://servicemanagement.googleapis.com/v1/services/cloudfunctions.googleapis.com/projectSettings/btm-pr?updateMask=usageSettings  

[debug] [2019-05-17T21:33:50.691Z] >>> HTTP REQUEST PATCH https://servicemanagement.googleapis.com/v1/services/runtimeconfig.googleapis.com/projectSettings/btm-pr?updateMask=usageSettings  

[debug] [2019-05-17T21:33:51.702Z] <<< HTTP RESPONSE 200
[debug] [2019-05-17T21:33:51.886Z] <<< HTTP RESPONSE 200
[info] ✔  Wrote functions/package.json
[info] ✔  Wrote functions/index.js
[info] ✔  Wrote functions/.gitignore
[info] 
=== Hosting Setup
[info] 
[info] Your public directory is the folder (relative to your project directory) that
[info] will contain Hosting assets to be uploaded with firebase deploy. If you
[info] have a build process for your assets, use your build's output directory.
[info] 
[info] ✔  Wrote public/404.html
[debug] [2019-05-17T21:34:27.588Z] >>> HTTP REQUEST GET https://www.gstatic.com/firebasejs/releases.json  
 
[debug] [2019-05-17T21:34:27.692Z] <<< HTTP RESPONSE 200
[info] ✔  Wrote public/index.html
[info] 
=== Storage Setup
[info] 
[info] Firebase Storage Security Rules allow you to define how and when to allow
[info] uploads and downloads. You can keep these rules in your project directory
[info] and publish them with firebase deploy.
[info] 
[debug] [2019-05-17T21:35:33.799Z] ----------------------------------------------------------------------
[debug] [2019-05-17T21:35:33.801Z] Command:       /usr/local/bin/node /usr/local/bin/firebase init
[debug] [2019-05-17T21:35:33.801Z] CLI Version:   6.7.2
[debug] [2019-05-17T21:35:33.801Z] Platform:      darwin
[debug] [2019-05-17T21:35:33.801Z] Node Version:  v10.13.0
[debug] [2019-05-17T21:35:33.802Z] Time:          Fri May 17 2019 14:35:33 GMT-0700 (Pacific Daylight Time)
[debug] [2019-05-17T21:35:33.802Z] ----------------------------------------------------------------------
[debug] 
[debug] [2019-05-17T21:35:33.809Z] > command requires scopes: ["email","openid","https://www.googleapis.com/auth/cloudplatformprojects.readonly","https://www.googleapis.com/auth/firebase","https://www.googleapis.com/auth/cloud-platform"]
[debug] [2019-05-17T21:35:33.809Z] > authorizing via signed-in user
[info] 
     ######## #### ########  ######## ########     ###     ######  ########
     ##        ##  ##     ## ##       ##     ##  ##   ##  ##       ##
     ######    ##  ########  ######   ########  #########  ######  ######
     ##        ##  ##    ##  ##       ##     ## ##     ##       ## ##
     ##       #### ##     ## ######## ########  ##     ##  ######  ########

You're about to initialize a Firebase project in this directory:

  /Users/danielmoneypenny/Documents/projects/btm-pr

Before we get started, keep in mind:

  * You are initializing in an existing Firebase project directory

